<?xml version="1.0" encoding="UTF-8"?>
<testsuites>
	<testsuite tests="30" failures="5" time="0.226" name="github.com/Azure/azure-sdk-for-go/sdk/resourcemanager/servicefabric/armservicefabric">
		<properties>
			<property name="go.version" value="go1.18"></property>
			<property name="coverage.statements.pct" value="59.4"></property>
		</properties>
		<testcase classname="armservicefabric" name="TestClusters_Get" time="0.010"></testcase>
		<testcase classname="armservicefabric" name="TestClusters_CreateOrUpdate" time="0.020"></testcase>
		<testcase classname="armservicefabric" name="TestClusters_Update" time="0.010"></testcase>
		<testcase classname="armservicefabric" name="TestClusters_Delete" time="0.000"></testcase>
		<testcase classname="armservicefabric" name="TestClusters_ListByResourceGroup" time="0.010"></testcase>
		<testcase classname="armservicefabric" name="TestClusters_List" time="0.010"></testcase>
		<testcase classname="armservicefabric" name="TestClusters_ListUpgradableVersions" time="0.010"></testcase>
		<testcase classname="armservicefabric" name="TestClusterVersions_Get" time="0.010"></testcase>
		<testcase classname="armservicefabric" name="TestClusterVersions_GetByEnvironment" time="0.000"></testcase>
		<testcase classname="armservicefabric" name="TestClusterVersions_List" time="0.010"></testcase>
		<testcase classname="armservicefabric" name="TestClusterVersions_ListByEnvironment" time="0.010"></testcase>
		<testcase classname="armservicefabric" name="TestOperations_List" time="0.010"></testcase>
		<testcase classname="armservicefabric" name="TestApplicationTypes_Get" time="0.010"></testcase>
		<testcase classname="armservicefabric" name="TestApplicationTypes_CreateOrUpdate" time="0.000"></testcase>
		<testcase classname="armservicefabric" name="TestApplicationTypes_Delete" time="0.010"></testcase>
		<testcase classname="armservicefabric" name="TestApplicationTypes_List" time="0.010"></testcase>
		<testcase classname="armservicefabric" name="TestApplicationTypeVersions_Get" time="0.010"></testcase>
		<testcase classname="armservicefabric" name="TestApplicationTypeVersions_CreateOrUpdate" time="0.010">
			<failure message="Failed" type="">    zt_generated_mock_test.go:1913: Failed to get LRO result for example specification/servicefabric/resource-manager/Microsoft.ServiceFabric/stable/2021-06-01/examples/ApplicationTypeVersionPutOperation_example.json: GET https://localhost:8443/subscriptions/00000000-0000-0000-0000-000000000000/resourceGroups/resRg/providers/Microsoft.ServiceFabric/clusters/myCluster/applicationTypes/myAppType/versions/1.0&#xA;        --------------------------------------------------------------------------------&#xA;        RESPONSE 461: 461 unknown&#xA;        ERROR CODE: 461&#xA;        --------------------------------------------------------------------------------&#xA;        {&#xA;          &#34;error&#34;: {&#xA;            &#34;code&#34;: &#34;461&#34;,&#xA;            &#34;message&#34;: &#34;Wrong response example for operation&#34;,&#xA;            &#34;target&#34;: &#34;&#34;&#xA;          }&#xA;        }&#xA;        --------------------------------------------------------------------------------</failure>
		</testcase>
		<testcase classname="armservicefabric" name="TestApplicationTypeVersions_Delete" time="0.010"></testcase>
		<testcase classname="armservicefabric" name="TestApplicationTypeVersions_List" time="0.000"></testcase>
		<testcase classname="armservicefabric" name="TestApplications_Get" time="0.000"></testcase>
		<testcase classname="armservicefabric" name="TestApplications_CreateOrUpdate" time="0.010">
			<failure message="Failed" type="">    zt_generated_mock_test.go:2116: Failed to get LRO result for example specification/servicefabric/resource-manager/Microsoft.ServiceFabric/stable/2021-06-01/examples/ApplicationPutOperation_example_max.json: GET https://localhost:8443/subscriptions/00000000-0000-0000-0000-000000000000/resourceGroups/resRg/providers/Microsoft.ServiceFabric/clusters/myCluster/applications/myApp&#xA;        --------------------------------------------------------------------------------&#xA;        RESPONSE 461: 461 unknown&#xA;        ERROR CODE: 461&#xA;        --------------------------------------------------------------------------------&#xA;        {&#xA;          &#34;error&#34;: {&#xA;            &#34;code&#34;: &#34;461&#34;,&#xA;            &#34;message&#34;: &#34;Wrong response example for operation&#34;,&#xA;            &#34;target&#34;: &#34;&#34;&#xA;          }&#xA;        }&#xA;        --------------------------------------------------------------------------------</failure>
		</testcase>
		<testcase classname="armservicefabric" name="TestApplications_Update" time="0.010">
			<failure message="Failed" type="">    zt_generated_mock_test.go:2218: Failed to get LRO result for example specification/servicefabric/resource-manager/Microsoft.ServiceFabric/stable/2021-06-01/examples/ApplicationPatchOperation_example.json: GET https://localhost:8443/subscriptions/00000000-0000-0000-0000-000000000000/resourceGroups/resRg/providers/Microsoft.ServiceFabric/clusters/myCluster/applications/myApp&#xA;        --------------------------------------------------------------------------------&#xA;        RESPONSE 461: 461 unknown&#xA;        ERROR CODE: 461&#xA;        --------------------------------------------------------------------------------&#xA;        {&#xA;          &#34;error&#34;: {&#xA;            &#34;code&#34;: &#34;461&#34;,&#xA;            &#34;message&#34;: &#34;Wrong response example for operation&#34;,&#xA;            &#34;target&#34;: &#34;&#34;&#xA;          }&#xA;        }&#xA;        --------------------------------------------------------------------------------</failure>
		</testcase>
		<testcase classname="armservicefabric" name="TestApplications_Delete" time="0.010"></testcase>
		<testcase classname="armservicefabric" name="TestApplications_List" time="0.000"></testcase>
		<testcase classname="armservicefabric" name="TestServices_Get" time="0.000"></testcase>
		<testcase classname="armservicefabric" name="TestServices_CreateOrUpdate" time="0.010">
			<failure message="Failed" type="">    zt_generated_mock_test.go:2391: Failed to get LRO result for example specification/servicefabric/resource-manager/Microsoft.ServiceFabric/stable/2021-06-01/examples/ServicePutOperation_example_max.json: GET https://localhost:8443/subscriptions/00000000-0000-0000-0000-000000000000/resourceGroups/resRg/providers/Microsoft.ServiceFabric/clusters/myCluster/applications/myApp/services/myService&#xA;        --------------------------------------------------------------------------------&#xA;        RESPONSE 461: 461 unknown&#xA;        ERROR CODE: 461&#xA;        --------------------------------------------------------------------------------&#xA;        {&#xA;          &#34;error&#34;: {&#xA;            &#34;code&#34;: &#34;461&#34;,&#xA;            &#34;message&#34;: &#34;Wrong response example for operation&#34;,&#xA;            &#34;target&#34;: &#34;&#34;&#xA;          }&#xA;        }&#xA;        --------------------------------------------------------------------------------</failure>
		</testcase>
		<testcase classname="armservicefabric" name="TestServices_Update" time="0.010">
			<failure message="Failed" type="">    zt_generated_mock_test.go:2459: Failed to get LRO result for example specification/servicefabric/resource-manager/Microsoft.ServiceFabric/stable/2021-06-01/examples/ServicePatchOperation_example.json: GET https://localhost:8443/subscriptions/00000000-0000-0000-0000-000000000000/resourceGroups/resRg/providers/Microsoft.ServiceFabric/clusters/myCluster/applications/myApp/services/myService&#xA;        --------------------------------------------------------------------------------&#xA;        RESPONSE 461: 461 unknown&#xA;        ERROR CODE: 461&#xA;        --------------------------------------------------------------------------------&#xA;        {&#xA;          &#34;error&#34;: {&#xA;            &#34;code&#34;: &#34;461&#34;,&#xA;            &#34;message&#34;: &#34;Wrong response example for operation&#34;,&#xA;            &#34;target&#34;: &#34;&#34;&#xA;          }&#xA;        }&#xA;        --------------------------------------------------------------------------------</failure>
		</testcase>
		<testcase classname="armservicefabric" name="TestServices_Delete" time="0.010"></testcase>
		<testcase classname="armservicefabric" name="TestServices_List" time="0.000"></testcase>
	</testsuite>
</testsuites>
